{"level":"info","message":"Request: POST /api/auth/register"}
{"level":"info","message":"Request: POST /api/auth/register"}
{"level":"info","message":"Request: POST /api/auth/register"}
{"level":"info","message":"Request: POST /api/auth/register"}
{"level":"info","message":"Request: POST /api/auth/register"}
{"level":"info","message":"Request: POST /api/auth/register"}
{"level":"info","message":"Request: POST /api/auth/register"}
{"level":"info","message":"Request: POST /api/auth/register"}
{"level":"info","message":"Request: POST /api/auth/register"}
{"level":"info","message":"Request: OPTIONS /api/auth/login"}
{"level":"info","message":"Request: POST /api/auth/login"}
{"level":"info","message":"Request: OPTIONS /api/auth/login"}
{"level":"info","message":"Request: POST /api/auth/login"}
{"level":"info","message":"Request: OPTIONS /api/auth/login"}
{"level":"info","message":"Request: POST /api/auth/login"}
{"level":"info","message":"Request: OPTIONS /api/auth/login"}
{"level":"info","message":"Request: POST /api/auth/login"}
{"level":"info","message":"Request: OPTIONS /api/auth/login"}
{"level":"info","message":"Request: POST /api/auth/login"}
{"level":"info","message":"Request: OPTIONS /api/auth/login"}
{"level":"info","message":"Request: POST /api/auth/login"}
{"level":"info","message":"Request: POST /api/auth/register"}
{"level":"info","message":"Request: OPTIONS /api/auth/login"}
{"level":"info","message":"Request: POST /api/auth/login"}
{"level":"info","message":"Request: OPTIONS /api/auth/login"}
{"level":"info","message":"Request: POST /api/auth/login"}
{"level":"info","message":"Request: POST /api/auth/register"}
{"level":"info","message":"Request: OPTIONS /api/auth/login"}
{"level":"info","message":"Request: POST /api/auth/login"}
{"level":"info","message":"Request: POST /api/auth/login"}
{"level":"info","message":"Request: OPTIONS /api/auth/login"}
{"level":"info","message":"Request: POST /api/auth/login"}
{"level":"info","message":"Request: OPTIONS /api/auth/login"}
{"level":"info","message":"Request: POST /api/auth/login"}
{"level":"info","message":"Request: OPTIONS /api/auth/login"}
{"level":"info","message":"Request: POST /api/auth/login"}
{"level":"info","message":"Request: POST /api/auth/register"}
{"level":"info","message":"Request: OPTIONS /api/auth/login"}
{"level":"info","message":"Request: POST /api/auth/login"}
{"level":"info","message":"Request: OPTIONS /api/auth/login"}
{"level":"info","message":"Request: POST /api/auth/login"}
{"level":"info","message":"Request: OPTIONS /api/auth/login"}
{"level":"info","message":"Request: POST /api/auth/login"}
{"level":"info","message":"Request: POST /api/auth/login"}
{"level":"info","message":"Request: OPTIONS /api/auth/login"}
{"level":"info","message":"Request: POST /api/auth/login"}
{"level":"info","message":"Request: OPTIONS /api/auth/login"}
{"level":"info","message":"Request: POST /api/auth/login"}
{"level":"info","message":"Request: POST /api/auth/register"}
{"level":"info","message":"Request: OPTIONS /api/auth/login"}
{"level":"info","message":"Request: POST /api/auth/login"}
{"level":"info","message":"Request: OPTIONS /api/auth/login"}
{"level":"info","message":"Request: POST /api/auth/login"}
{"level":"info","message":"Request: POST /api/auth/register"}
{"level":"info","message":"Request: POST /api/auth/register"}
{"level":"info","message":"Request: OPTIONS /api/auth/login"}
{"level":"info","message":"Request: POST /api/auth/login"}
{"level":"info","message":"Request: GET /api/users/me"}
{"level":"info","message":"Request: OPTIONS /api/users/me"}
{"level":"info","message":"Request: GET /api/users/me"}
{"level":"info","message":"Request: OPTIONS /api/users/me"}
{"level":"info","message":"Request: GET /api/users/me"}
{"level":"info","message":"Request: GET /api/users/me"}
{"level":"info","message":"Request: OPTIONS /api/users/me"}
{"level":"info","message":"Request: GET /api/users/me"}
{"level":"info","message":"Request: GET /api/users/me"}
{"level":"info","message":"Request: OPTIONS /api/users/me"}
{"level":"info","message":"Request: OPTIONS /api/users/me"}
{"level":"info","message":"Request: GET /api/users/me"}
{"level":"info","message":"Request: GET /api/users/me"}
{"level":"info","message":"Request: GET /api/users"}
{"level":"info","message":"Request: GET /api/users"}
{"level":"info","message":"Request: GET /api/users"}
{"level":"info","message":"Request: GET /api/users"}
{"level":"info","message":"Request: OPTIONS /api/users/me"}
{"level":"info","message":"Request: OPTIONS /api/users/me"}
{"level":"info","message":"Request: GET /api/users/me"}
{"level":"info","message":"Request: GET /api/users/me"}
{"level":"info","message":"Request: GET /api/users"}
{"level":"info","message":"Request: GET /api/users"}
{"level":"info","message":"Request: OPTIONS /api/users/me"}
{"level":"info","message":"Request: OPTIONS /api/users/me"}
{"level":"info","message":"Request: GET /api/users/me"}
{"level":"info","message":"Request: GET /api/users/me"}
{"level":"info","message":"Request: GET /api/users"}
{"level":"info","message":"Request: GET /api/users"}
{"level":"info","message":"Request: GET /api/users/me"}
{"level":"info","message":"Request: GET /api/users/me"}
{"level":"info","message":"Request: GET /api/users"}
{"level":"info","message":"Request: GET /api/users"}
{"level":"info","message":"Request: OPTIONS /api/users/me"}
{"level":"info","message":"Request: GET /api/users/me"}
{"level":"info","message":"Request: GET /api/users/me"}
{"level":"info","message":"Request: GET /api/users"}
{"level":"info","message":"Request: GET /api/users"}
{"level":"info","message":"Request: GET /api/users"}
{"level":"info","message":"Request: GET /api/users"}
{"level":"info","message":"Request: GET /api/users"}
{"level":"info","message":"Request: GET /api/users"}
{"level":"info","message":"Request: OPTIONS /api/users/me"}
{"level":"info","message":"Request: GET /api/users/me"}
{"level":"info","message":"Request: GET /api/users/me"}
{"level":"info","message":"Request: POST /api/auth/register"}
{"level":"info","message":"Request: OPTIONS /api/auth/login"}
{"level":"info","message":"Request: POST /api/auth/login"}
{"level":"info","message":"Request: OPTIONS /api/users/me"}
{"level":"info","message":"Request: OPTIONS /api/users/me"}
{"level":"info","message":"Request: GET /api/users/me"}
{"level":"info","message":"Request: GET /api/users/me"}
{"level":"info","message":"Request: OPTIONS /api/events"}
{"level":"info","message":"Request: POST /api/events"}
{"level":"info","message":"Request: OPTIONS /register/:id/events"}
{"level":"info","message":"Request: POST /register/:id/events"}
{"level":"info","message":"Request: GET /api/users"}
{"level":"info","message":"Request: GET /api/users"}
